2019-12-28 11:53:36.199  INFO 12348 --- [main] lavalink.server.Launcher                 : 

[32m       .  [31m _                  _ _       _    [32m__ _ _
[32m      /\\ [31m| | __ ___   ____ _| (_)_ __ | | __[32m\ \ \ \
[32m     ( ( )[31m| |/ _` \ \ / / _` | | | '_ \| |/ /[32m \ \ \ \
[32m      \\/ [31m| | (_| |\ V / (_| | | | | | |   < [32m  ) ) ) )
[32m       '  [31m|_|\__,_| \_/ \__,_|_|_|_| |_|_|\_\[32m / / / /
[0m    =========================================[32m/_/_/_/[0m

	Version:        574c7f6f2190b0506840f9f04b74c199ae37d15b-SNAPSHOT
	Build:          964
	Build time:     25.12.2019 22:08:20 UTC
	Branch          master
	Commit:         574c7f6
	Commit time:    25.12.2019 22:06:30 UTC
	JVM:            11.0.5
	Lavaplayer      1.3.32

2019-12-28 11:53:36.398  INFO 12348 --- [main] lavalink.server.Launcher                 : Starting Launcher on DESKTOP-J289IP6 with PID 12348 (C:\Users\Nath\Desktop\Games\Fuminocchi\required files\Lavalink.jar started by Nath in C:\Users\Nath\Desktop\Games\Fuminocchi\required files)
2019-12-28 11:53:36.402  INFO 12348 --- [main] lavalink.server.Launcher                 : No active profile set, falling back to default profiles: default
2019-12-28 11:53:36.606  WARN 12348 --- [background-preinit] o.s.h.c.j.Jackson2ObjectMapperBuilder    : For Jackson Kotlin classes support please add "com.fasterxml.jackson.module:jackson-module-kotlin" to the classpath
2019-12-28 11:53:38.456  WARN 12348 --- [main] io.undertow.websockets.jsr               : UT026010: Buffer pool was not set on WebSocketDeploymentInfo, the default pool will be used
2019-12-28 11:53:38.479  INFO 12348 --- [main] io.undertow.servlet                      : Initializing Spring embedded WebApplicationContext
2019-12-28 11:53:38.480  INFO 12348 --- [main] o.s.web.context.ContextLoader            : Root WebApplicationContext: initialization completed in 1975 ms
2019-12-28 11:53:38.904  WARN 12348 --- [main] l.server.config.SentryConfiguration      : Turning off sentry
2019-12-28 11:53:38.922  INFO 12348 --- [main] l.s.c.AudioSendFactoryConfiguration      : OS: Windows 10, Arch: amd64
2019-12-28 11:53:38.924  INFO 12348 --- [main] l.s.c.AudioSendFactoryConfiguration      : JDA-NAS supported system detected. Enabled native audio sending.
2019-12-28 11:53:38.924  INFO 12348 --- [main] l.s.c.AudioSendFactoryConfiguration      : Setting buffer to 400ms
2019-12-28 11:53:38.925  INFO 12348 --- [main] l.s.c.AudioSendFactoryConfiguration      : Setting playlist load limit to 6
2019-12-28 11:53:39.461  INFO 12348 --- [main] c.s.d.l.tools.GarbageCollectionMonitor   : GC monitoring enabled, reporting results every 2 minutes.
2019-12-28 11:53:39.971  INFO 12348 --- [main] o.s.s.concurrent.ThreadPoolTaskExecutor  : Initializing ExecutorService 'applicationTaskExecutor'
2019-12-28 11:53:40.580  INFO 12348 --- [main] org.xnio                                 : XNIO version 3.3.8.Final
2019-12-28 11:53:40.608  INFO 12348 --- [main] org.xnio.nio                             : XNIO NIO Implementation Version 3.3.8.Final
2019-12-28 11:53:40.802  INFO 12348 --- [main] o.s.b.w.e.u.UndertowServletWebServer     : Undertow started on port(s) 2333 (http) with context path ''
2019-12-28 11:53:40.808  INFO 12348 --- [main] lavalink.server.Launcher                 : Started Launcher in 5.503 seconds (JVM running for 6.157)
2019-12-28 11:53:50.197  INFO 12348 --- [XNIO-1 task-1] io.undertow.servlet                      : Initializing Spring DispatcherServlet 'dispatcherServlet'
2019-12-28 11:53:50.213  INFO 12348 --- [XNIO-1 task-1] o.s.web.servlet.DispatcherServlet        : Initializing Servlet 'dispatcherServlet'
2019-12-28 11:53:50.236  INFO 12348 --- [XNIO-1 task-1] o.s.web.servlet.DispatcherServlet        : Completed initialization in 14 ms
2019-12-28 11:53:50.285  INFO 12348 --- [XNIO-1 task-1] l.server.io.HandshakeInterceptorImpl     : Incoming connection from /127.0.0.1:57258
2019-12-28 11:53:50.446  INFO 12348 --- [XNIO-1 task-1] c.s.d.l.tools.GarbageCollectionMonitor   : GC monitoring enabled, reporting results every 2 minutes.
2019-12-28 11:53:50.718  INFO 12348 --- [XNIO-1 task-1] lavalink.server.io.SocketServer          : Connection successfully established from /127.0.0.1:57258
2019-12-28 11:53:50.757  INFO 12348 --- [XNIO-1 I/O-2] lavalink.server.io.SocketServer          : {"op": "configureResuming", "key": "default-node", "timeout": 60}
2019-12-28 11:55:14.663  INFO 12348 --- [XNIO-1 I/O-2] lavalink.server.io.SocketServer          : {"op": "volume", "guildId": "648954224142581800", "volume": 100}
2019-12-28 11:55:14.709  INFO 12348 --- [XNIO-1 I/O-2] lavalink.server.io.SocketServer          : {"op": "voiceUpdate", "guildId": "648954224142581800", "sessionId": "b5b8cd11e15b4bdf013e4bbe067583f4", "event": {"token": "a1274e21096a23a7", "guild_id": "648954224142581800", "endpoint": "us-east527.discord.media:80"}}
2019-12-28 11:55:15.472  INFO 12348 --- [XNIO-1 task-2] l.server.player.AudioLoaderRestHandler   : GET /loadtracks
2019-12-28 11:55:17.000  INFO 12348 --- [lava-daemon-pool-info-loader-2-thread-1] lavalink.server.player.AudioLoader       : Loaded track We never Learn / Bokutachi wa Benkyou ga Dekinai OP
2019-12-28 11:55:42.877  INFO 12348 --- [XNIO-1 task-4] l.server.player.AudioLoaderRestHandler   : GET /loadtracks
2019-12-28 11:55:43.572  INFO 12348 --- [lava-daemon-pool-info-loader-2-thread-1] lavalink.server.player.AudioLoader       : Loaded playlist Search results for: Seishun Seminar
2019-12-28 12:01:29.619  INFO 12348 --- [XNIO-1 I/O-2] lavalink.server.io.SocketServer          : Connection closed from /127.0.0.1:57258 with status CloseStatus[code=1006, reason=] -- Session can be resumed within the next 60 seconds with key default-node
2019-12-28 12:01:35.883  INFO 12348 --- [XNIO-1 task-6] l.server.io.HandshakeInterceptorImpl     : Incoming connection from /127.0.0.1:57292
2019-12-28 12:01:35.886  INFO 12348 --- [XNIO-1 task-6] c.s.d.l.tools.GarbageCollectionMonitor   : GC monitoring enabled, reporting results every 2 minutes.
2019-12-28 12:01:35.891  INFO 12348 --- [XNIO-1 task-6] lavalink.server.io.SocketServer          : Connection successfully established from /127.0.0.1:57292
2019-12-28 12:01:35.892  INFO 12348 --- [XNIO-1 I/O-4] lavalink.server.io.SocketServer          : {"op": "configureResuming", "key": "default-node", "timeout": 60}
2019-12-28 12:01:53.680  INFO 12348 --- [parallel-4] s.n.m.impl.connections.AudioWebSocket    : Websocket to wss://us-east527.discord.media/?v=4 closed with code 4014 and reason Disconnected.
2019-12-28 12:01:53.682  INFO 12348 --- [parallel-4] s.n.m.impl.connections.AudioWebSocket    : Closing
2019-12-28 12:02:00.216  INFO 12348 --- [XNIO-1 I/O-4] lavalink.server.io.SocketServer          : {"op": "volume", "guildId": "648954224142581800", "volume": 100}
2019-12-28 12:02:00.269  INFO 12348 --- [XNIO-1 I/O-4] lavalink.server.io.SocketServer          : {"op": "voiceUpdate", "guildId": "648954224142581800", "sessionId": "4149c0e2014d20268f539173c220f6c1", "event": {"token": "7f5e6dc8df8ecc0e", "guild_id": "648954224142581800", "endpoint": "us-east527.discord.media:80"}}
2019-12-28 12:02:00.840  INFO 12348 --- [XNIO-1 task-7] l.server.player.AudioLoaderRestHandler   : GET /loadtracks
2019-12-28 12:02:01.375  INFO 12348 --- [lava-daemon-pool-info-loader-2-thread-1] lavalink.server.player.AudioLoader       : Loaded playlist Search results for: Seishun Seminar
2019-12-28 12:02:01.479  INFO 12348 --- [XNIO-1 I/O-4] lavalink.server.io.SocketServer          : {"op": "play", "guildId": "648954224142581800", "track": "QAAAsAIARkJva3V0YWNoaSB3YSBCZW5reW91IGdhIERla2luYWkgT1AgRnVsbCDjgIxTZWlzaHVuIFNlbWluYXLjgI0gYnkgU3R1ZHkAEE5hdHRvQ2hhbiDjg43jg6sAAAAAAAPcSAALQzNKMm81aXpzd0kAAQAraHR0cHM6Ly93d3cueW91dHViZS5jb20vd2F0Y2g/dj1DM0oybzVpenN3SQAHeW91dHViZQAAAAAAAAAA", "startTime": 0}
2019-12-28 12:02:29.621  INFO 12348 --- [pool-2-thread-1] lavalink.server.io.SocketContext         : Shutting down 0 playing players.
2019-12-28 12:02:29.622  INFO 12348 --- [pool-2-thread-1] c.s.d.l.tools.GarbageCollectionMonitor   : GC monitoring disabled.
2019-12-28 12:06:14.368  INFO 12348 --- [XNIO-1 I/O-4] lavalink.server.io.SocketServer          : {"op": "stop", "guildId": "648954224142581800"}
2019-12-28 12:06:14.369  INFO 12348 --- [XNIO-1 I/O-4] lavalink.server.io.SocketServer          : {"op": "equalizer", "guildId": "648954224142581800", "bands": [{"band": 0, "gain": 0.0}, {"band": 1, "gain": 0.0}, {"band": 2, "gain": 0.0}, {"band": 3, "gain": 0.0}, {"band": 4, "gain": 0.0}, {"band": 5, "gain": 0.0}, {"band": 6, "gain": 0.0}, {"band": 7, "gain": 0.0}, {"band": 8, "gain": 0.0}, {"band": 9, "gain": 0.0}, {"band": 10, "gain": 0.0}, {"band": 11, "gain": 0.0}, {"band": 12, "gain": 0.0}, {"band": 13, "gain": 0.0}, {"band": 14, "gain": 0.0}]}
2019-12-28 12:15:50.087  INFO 12348 --- [XNIO-1 task-9] l.server.player.AudioLoaderRestHandler   : GET /loadtracks
2019-12-28 12:15:50.693  INFO 12348 --- [lava-daemon-pool-info-loader-2-thread-1] lavalink.server.player.AudioLoader       : Loaded playlist Search results for: Bokuben OP 2
2019-12-28 12:15:50.815  INFO 12348 --- [XNIO-1 I/O-4] lavalink.server.io.SocketServer          : {"op": "play", "guildId": "648954224142581800", "track": "QAAArQIAP1dlIE5ldmVyIExlYXJuL0Jva3V0YWNoaSB3YSBCZW5reW91IGdhIERla2luYWkgU2Vhc29uIDIgT3BlbmluZwAU44COQc+J0ZTPn8+D0LzRlFrjgI8AAAAAAAFfkAALbmJlbmotam5rUTAAAQAraHR0cHM6Ly93d3cueW91dHViZS5jb20vd2F0Y2g/dj1uYmVuai1qbmtRMAAHeW91dHViZQAAAAAAAAAA", "startTime": 0}
2019-12-28 12:17:20.695  INFO 12348 --- [XNIO-1 I/O-4] lavalink.server.io.SocketServer          : {"op": "stop", "guildId": "648954224142581800"}
2019-12-28 12:17:20.696  INFO 12348 --- [XNIO-1 I/O-4] lavalink.server.io.SocketServer          : {"op": "equalizer", "guildId": "648954224142581800", "bands": [{"band": 0, "gain": 0.0}, {"band": 1, "gain": 0.0}, {"band": 2, "gain": 0.0}, {"band": 3, "gain": 0.0}, {"band": 4, "gain": 0.0}, {"band": 5, "gain": 0.0}, {"band": 6, "gain": 0.0}, {"band": 7, "gain": 0.0}, {"band": 8, "gain": 0.0}, {"band": 9, "gain": 0.0}, {"band": 10, "gain": 0.0}, {"band": 11, "gain": 0.0}, {"band": 12, "gain": 0.0}, {"band": 13, "gain": 0.0}, {"band": 14, "gain": 0.0}]}
2019-12-28 12:19:06.915  INFO 12348 --- [XNIO-1 task-11] l.server.player.AudioLoaderRestHandler   : GET /loadtracks
2019-12-28 12:19:07.364  INFO 12348 --- [lava-daemon-pool-info-loader-2-thread-1] lavalink.server.player.AudioLoader       : Loaded playlist Search results for: Chika Chikatto Chika
